c:\users\e-wada\documents\visual studio 2013\projects\trunk\dx11exercise\ex2_window\debug\ex2_window.pch
c:\users\e-wada\documents\visual studio 2013\projects\trunk\dx11exercise\ex2_window\debug\vc120.pdb
c:\users\e-wada\documents\visual studio 2013\projects\trunk\dx11exercise\ex2_window\debug\vc120.idb
c:\users\e-wada\documents\visual studio 2013\projects\trunk\dx11exercise\ex2_window\debug\stdafx.obj
c:\users\e-wada\documents\visual studio 2013\projects\trunk\dx11exercise\ex2_window\debug\dx11base.obj
c:\users\e-wada\documents\visual studio 2013\projects\trunk\dx11exercise\ex2_window\debug\frameworkdx11.obj
c:\users\e-wada\documents\visual studio 2013\projects\trunk\dx11exercise\ex2_window\debug\ex2_window.obj
c:\users\e-wada\documents\visual studio 2013\projects\trunk\dx11exercise\ex2_window\debug\frameworkwindows.obj
c:\users\e-wada\documents\visual studio 2013\projects\trunk\dx11exercise\ex2_window\debug\windowproc.obj
c:\users\e-wada\documents\visual studio 2013\projects\trunk\dx11exercise\debug\ex2_window.ilk
c:\users\e-wada\documents\visual studio 2013\projects\trunk\dx11exercise\debug\ex2_window.exe
c:\users\e-wada\documents\visual studio 2013\projects\trunk\dx11exercise\debug\ex2_window.pdb
c:\users\e-wada\documents\visual studio 2013\projects\trunk\dx11exercise\ex2_window\debug\ex2_window.res
c:\users\e-wada\documents\visual studio 2013\projects\trunk\dx11exercise\ex2_window\debug\ex2_window.tlog\cl.command.1.tlog
c:\users\e-wada\documents\visual studio 2013\projects\trunk\dx11exercise\ex2_window\debug\ex2_window.tlog\cl.read.1.tlog
c:\users\e-wada\documents\visual studio 2013\projects\trunk\dx11exercise\ex2_window\debug\ex2_window.tlog\cl.write.1.tlog
c:\users\e-wada\documents\visual studio 2013\projects\trunk\dx11exercise\ex2_window\debug\ex2_window.tlog\link.command.1.tlog
c:\users\e-wada\documents\visual studio 2013\projects\trunk\dx11exercise\ex2_window\debug\ex2_window.tlog\link.read.1.tlog
c:\users\e-wada\documents\visual studio 2013\projects\trunk\dx11exercise\ex2_window\debug\ex2_window.tlog\link.write.1.tlog
c:\users\e-wada\documents\visual studio 2013\projects\trunk\dx11exercise\ex2_window\debug\ex2_window.tlog\rc.command.1.tlog
c:\users\e-wada\documents\visual studio 2013\projects\trunk\dx11exercise\ex2_window\debug\ex2_window.tlog\rc.read.1.tlog
c:\users\e-wada\documents\visual studio 2013\projects\trunk\dx11exercise\ex2_window\debug\ex2_window.tlog\rc.write.1.tlog
