c:\users\e-wada\documents\visual studio 2013\projects\trunk\dx11exercise\ex5_direct2d\debug\ex5_direct2d.pch
c:\users\e-wada\documents\visual studio 2013\projects\trunk\dx11exercise\ex5_direct2d\debug\vc120.pdb
c:\users\e-wada\documents\visual studio 2013\projects\trunk\dx11exercise\ex5_direct2d\debug\vc120.idb
c:\users\e-wada\documents\visual studio 2013\projects\trunk\dx11exercise\ex5_direct2d\debug\stdafx.obj
c:\users\e-wada\documents\visual studio 2013\projects\trunk\dx11exercise\ex5_direct2d\debug\dx11base.obj
c:\users\e-wada\documents\visual studio 2013\projects\trunk\dx11exercise\ex5_direct2d\debug\frameworkdx11.obj
c:\users\e-wada\documents\visual studio 2013\projects\trunk\dx11exercise\ex5_direct2d\debug\ex5_direct2d.obj
c:\users\e-wada\documents\visual studio 2013\projects\trunk\dx11exercise\ex5_direct2d\debug\frameworkwindows.obj
c:\users\e-wada\documents\visual studio 2013\projects\trunk\dx11exercise\ex5_direct2d\debug\windowproc.obj
c:\users\e-wada\documents\visual studio 2013\projects\trunk\dx11exercise\debug\ps_texture.cso
c:\users\e-wada\documents\visual studio 2013\projects\trunk\dx11exercise\debug\vs_texture.cso
c:\users\e-wada\documents\visual studio 2013\projects\trunk\dx11exercise\debug\ex5_direct2d.ilk
c:\users\e-wada\documents\visual studio 2013\projects\trunk\dx11exercise\debug\ex5_direct2d.exe
c:\users\e-wada\documents\visual studio 2013\projects\trunk\dx11exercise\debug\ex5_direct2d.pdb
c:\users\e-wada\documents\visual studio 2013\projects\trunk\dx11exercise\ex5_direct2d\debug\ex5_direct2d.res
c:\users\e-wada\documents\visual studio 2013\projects\trunk\dx11exercise\ex5_direct2d\debug\ex5_direct2d.tlog\cl.command.1.tlog
c:\users\e-wada\documents\visual studio 2013\projects\trunk\dx11exercise\ex5_direct2d\debug\ex5_direct2d.tlog\cl.read.1.tlog
c:\users\e-wada\documents\visual studio 2013\projects\trunk\dx11exercise\ex5_direct2d\debug\ex5_direct2d.tlog\cl.write.1.tlog
c:\users\e-wada\documents\visual studio 2013\projects\trunk\dx11exercise\ex5_direct2d\debug\ex5_direct2d.tlog\ex5_direct2d.write.1u.tlog
c:\users\e-wada\documents\visual studio 2013\projects\trunk\dx11exercise\ex5_direct2d\debug\ex5_direct2d.tlog\fxc.command.1.tlog
c:\users\e-wada\documents\visual studio 2013\projects\trunk\dx11exercise\ex5_direct2d\debug\ex5_direct2d.tlog\fxc.read.1.tlog
c:\users\e-wada\documents\visual studio 2013\projects\trunk\dx11exercise\ex5_direct2d\debug\ex5_direct2d.tlog\fxc.write.1.tlog
c:\users\e-wada\documents\visual studio 2013\projects\trunk\dx11exercise\ex5_direct2d\debug\ex5_direct2d.tlog\link.command.1.tlog
c:\users\e-wada\documents\visual studio 2013\projects\trunk\dx11exercise\ex5_direct2d\debug\ex5_direct2d.tlog\link.read.1.tlog
c:\users\e-wada\documents\visual studio 2013\projects\trunk\dx11exercise\ex5_direct2d\debug\ex5_direct2d.tlog\link.write.1.tlog
c:\users\e-wada\documents\visual studio 2013\projects\trunk\dx11exercise\ex5_direct2d\debug\ex5_direct2d.tlog\rc.command.1.tlog
c:\users\e-wada\documents\visual studio 2013\projects\trunk\dx11exercise\ex5_direct2d\debug\ex5_direct2d.tlog\rc.read.1.tlog
c:\users\e-wada\documents\visual studio 2013\projects\trunk\dx11exercise\ex5_direct2d\debug\ex5_direct2d.tlog\rc.write.1.tlog
