2015/02/13 19:44:31 にビルドを開始しました。
     1>ノード 2 上のプロジェクト "C:\Users\e-wada\Documents\Visual Studio 2013\Projects\trunk\DX11exercise\ex5_direct2d\ex5_direct2d.vcxproj" (Build ターゲット)。
     1>ClCompile:
         C:\Program Files (x86)\Microsoft Visual Studio 12.0\VC\bin\CL.exe /c /I"C:\Users\e-wada\Documents\Visual Studio 2013\Projects\trunk\DX11exercise\..\pao" /ZI /nologo /W3 /WX- /Od /Oy- /D WIN32 /D _DEBUG /D _WINDOWS /D _UNICODE /D UNICODE /Gm /EHsc /RTC1 /MDd /GS /fp:precise /Zc:wchar_t /Zc:forScope /Yu"stdafx.h" /Fp"Debug\ex5_direct2d.pch" /Fo"Debug\\" /Fd"Debug\vc120.pdb" /Gd /TP /analyze- /errorReport:prompt ..\..\pao\DX11\DX11base.cpp ex5_direct2d.cpp
         DX11base.cpp
         コードを生成中...
         コンパイル中...
         ex5_direct2d.cpp
     1>c:\users\e-wada\documents\visual studio 2013\projects\trunk\dx11exercise\ex5_direct2d\ex5_direct2d.cpp(6): warning C4067: プリプロセッサ ディレクティブの後に余分な文字がありました - 改行が必要です
     1>c:\program files (x86)\microsoft directx sdk (june 2010)\include\d2derr.h(59): warning C4005: 'D2DERR_WRONG_STATE' : マクロが再定義されました。
                 c:\program files (x86)\windows kits\8.1\include\shared\winerror.h(50511) : 'D2DERR_WRONG_STATE' の前の定義を確認してください
     1>c:\program files (x86)\microsoft directx sdk (june 2010)\include\d2derr.h(64): warning C4005: 'D2DERR_NOT_INITIALIZED' : マクロが再定義されました。
                 c:\program files (x86)\windows kits\8.1\include\shared\winerror.h(50520) : 'D2DERR_NOT_INITIALIZED' の前の定義を確認してください
     1>c:\program files (x86)\microsoft directx sdk (june 2010)\include\d2derr.h(69): warning C4005: 'D2DERR_UNSUPPORTED_OPERATION' : マクロが再定義されました。
                 c:\program files (x86)\windows kits\8.1\include\shared\winerror.h(50529) : 'D2DERR_UNSUPPORTED_OPERATION' の前の定義を確認してください
     1>c:\program files (x86)\microsoft directx sdk (june 2010)\include\d2derr.h(74): warning C4005: 'D2DERR_SCANNER_FAILED' : マクロが再定義されました。
                 c:\program files (x86)\windows kits\8.1\include\shared\winerror.h(50538) : 'D2DERR_SCANNER_FAILED' の前の定義を確認してください
     1>c:\program files (x86)\microsoft directx sdk (june 2010)\include\d2derr.h(79): warning C4005: 'D2DERR_SCREEN_ACCESS_DENIED' : マクロが再定義されました。
                 c:\program files (x86)\windows kits\8.1\include\shared\winerror.h(50547) : 'D2DERR_SCREEN_ACCESS_DENIED' の前の定義を確認してください
     1>c:\program files (x86)\microsoft directx sdk (june 2010)\include\d2derr.h(84): warning C4005: 'D2DERR_DISPLAY_STATE_INVALID' : マクロが再定義されました。
                 c:\program files (x86)\windows kits\8.1\include\shared\winerror.h(50556) : 'D2DERR_DISPLAY_STATE_INVALID' の前の定義を確認してください
     1>c:\program files (x86)\microsoft directx sdk (june 2010)\include\d2derr.h(89): warning C4005: 'D2DERR_ZERO_VECTOR' : マクロが再定義されました。
                 c:\program files (x86)\windows kits\8.1\include\shared\winerror.h(50565) : 'D2DERR_ZERO_VECTOR' の前の定義を確認してください
     1>c:\program files (x86)\microsoft directx sdk (june 2010)\include\d2derr.h(97): warning C4005: 'D2DERR_INTERNAL_ERROR' : マクロが再定義されました。
                 c:\program files (x86)\windows kits\8.1\include\shared\winerror.h(50574) : 'D2DERR_INTERNAL_ERROR' の前の定義を確認してください
     1>c:\program files (x86)\microsoft directx sdk (june 2010)\include\d2derr.h(103): warning C4005: 'D2DERR_DISPLAY_FORMAT_NOT_SUPPORTED' : マクロが再定義されました。
                 c:\program files (x86)\windows kits\8.1\include\shared\winerror.h(50583) : 'D2DERR_DISPLAY_FORMAT_NOT_SUPPORTED' の前の定義を確認してください
     1>c:\program files (x86)\microsoft directx sdk (june 2010)\include\d2derr.h(108): warning C4005: 'D2DERR_INVALID_CALL' : マクロが再定義されました。
                 c:\program files (x86)\windows kits\8.1\include\shared\winerror.h(50592) : 'D2DERR_INVALID_CALL' の前の定義を確認してください
     1>c:\program files (x86)\microsoft directx sdk (june 2010)\include\d2derr.h(113): warning C4005: 'D2DERR_NO_HARDWARE_DEVICE' : マクロが再定義されました。
                 c:\program files (x86)\windows kits\8.1\include\shared\winerror.h(50601) : 'D2DERR_NO_HARDWARE_DEVICE' の前の定義を確認してください
     1>c:\program files (x86)\microsoft directx sdk (june 2010)\include\d2derr.h(119): warning C4005: 'D2DERR_RECREATE_TARGET' : マクロが再定義されました。
                 c:\program files (x86)\windows kits\8.1\include\shared\winerror.h(50610) : 'D2DERR_RECREATE_TARGET' の前の定義を確認してください
     1>c:\program files (x86)\microsoft directx sdk (june 2010)\include\d2derr.h(124): warning C4005: 'D2DERR_TOO_MANY_SHADER_ELEMENTS' : マクロが再定義されました。
                 c:\program files (x86)\windows kits\8.1\include\shared\winerror.h(50619) : 'D2DERR_TOO_MANY_SHADER_ELEMENTS' の前の定義を確認してください
     1>c:\program files (x86)\microsoft directx sdk (june 2010)\include\d2derr.h(129): warning C4005: 'D2DERR_SHADER_COMPILE_FAILED' : マクロが再定義されました。
                 c:\program files (x86)\windows kits\8.1\include\shared\winerror.h(50628) : 'D2DERR_SHADER_COMPILE_FAILED' の前の定義を確認してください
     1>c:\program files (x86)\microsoft directx sdk (june 2010)\include\d2derr.h(134): warning C4005: 'D2DERR_MAX_TEXTURE_SIZE_EXCEEDED' : マクロが再定義されました。
                 c:\program files (x86)\windows kits\8.1\include\shared\winerror.h(50637) : 'D2DERR_MAX_TEXTURE_SIZE_EXCEEDED' の前の定義を確認してください
     1>c:\program files (x86)\microsoft directx sdk (june 2010)\include\d2derr.h(139): warning C4005: 'D2DERR_UNSUPPORTED_VERSION' : マクロが再定義されました。
                 c:\program files (x86)\windows kits\8.1\include\shared\winerror.h(50646) : 'D2DERR_UNSUPPORTED_VERSION' の前の定義を確認してください
     1>c:\program files (x86)\microsoft directx sdk (june 2010)\include\d2derr.h(144): warning C4005: 'D2DERR_BAD_NUMBER' : マクロが再定義されました。
                 c:\program files (x86)\windows kits\8.1\include\shared\winerror.h(50655) : 'D2DERR_BAD_NUMBER' の前の定義を確認してください
     1>c:\program files (x86)\microsoft directx sdk (june 2010)\include\d2derr.h(149): warning C4005: 'D2DERR_WRONG_FACTORY' : マクロが再定義されました。
                 c:\program files (x86)\windows kits\8.1\include\shared\winerror.h(50664) : 'D2DERR_WRONG_FACTORY' の前の定義を確認してください
     1>c:\program files (x86)\microsoft directx sdk (june 2010)\include\d2derr.h(154): warning C4005: 'D2DERR_LAYER_ALREADY_IN_USE' : マクロが再定義されました。
                 c:\program files (x86)\windows kits\8.1\include\shared\winerror.h(50673) : 'D2DERR_LAYER_ALREADY_IN_USE' の前の定義を確認してください
     1>c:\program files (x86)\microsoft directx sdk (june 2010)\include\d2derr.h(159): warning C4005: 'D2DERR_POP_CALL_DID_NOT_MATCH_PUSH' : マクロが再定義されました。
                 c:\program files (x86)\windows kits\8.1\include\shared\winerror.h(50682) : 'D2DERR_POP_CALL_DID_NOT_MATCH_PUSH' の前の定義を確認してください
     1>c:\program files (x86)\microsoft directx sdk (june 2010)\include\d2derr.h(164): warning C4005: 'D2DERR_WRONG_RESOURCE_DOMAIN' : マクロが再定義されました。
                 c:\program files (x86)\windows kits\8.1\include\shared\winerror.h(50691) : 'D2DERR_WRONG_RESOURCE_DOMAIN' の前の定義を確認してください
     1>c:\program files (x86)\microsoft directx sdk (june 2010)\include\d2derr.h(169): warning C4005: 'D2DERR_PUSH_POP_UNBALANCED' : マクロが再定義されました。
                 c:\program files (x86)\windows kits\8.1\include\shared\winerror.h(50700) : 'D2DERR_PUSH_POP_UNBALANCED' の前の定義を確認してください
     1>c:\program files (x86)\microsoft directx sdk (june 2010)\include\d2derr.h(174): warning C4005: 'D2DERR_RENDER_TARGET_HAS_LAYER_OR_CLIPRECT' : マクロが再定義されました。
                 c:\program files (x86)\windows kits\8.1\include\shared\winerror.h(50709) : 'D2DERR_RENDER_TARGET_HAS_LAYER_OR_CLIPRECT' の前の定義を確認してください
     1>c:\program files (x86)\microsoft directx sdk (june 2010)\include\d2derr.h(179): warning C4005: 'D2DERR_INCOMPATIBLE_BRUSH_TYPES' : マクロが再定義されました。
                 c:\program files (x86)\windows kits\8.1\include\shared\winerror.h(50718) : 'D2DERR_INCOMPATIBLE_BRUSH_TYPES' の前の定義を確認してください
     1>c:\program files (x86)\microsoft directx sdk (june 2010)\include\d2derr.h(184): warning C4005: 'D2DERR_WIN32_ERROR' : マクロが再定義されました。
                 c:\program files (x86)\windows kits\8.1\include\shared\winerror.h(50727) : 'D2DERR_WIN32_ERROR' の前の定義を確認してください
     1>c:\program files (x86)\microsoft directx sdk (june 2010)\include\d2derr.h(189): warning C4005: 'D2DERR_TARGET_NOT_GDI_COMPATIBLE' : マクロが再定義されました。
                 c:\program files (x86)\windows kits\8.1\include\shared\winerror.h(50736) : 'D2DERR_TARGET_NOT_GDI_COMPATIBLE' の前の定義を確認してください
     1>c:\program files (x86)\microsoft directx sdk (june 2010)\include\d2derr.h(194): warning C4005: 'D2DERR_TEXT_EFFECT_IS_WRONG_TYPE' : マクロが再定義されました。
                 c:\program files (x86)\windows kits\8.1\include\shared\winerror.h(50745) : 'D2DERR_TEXT_EFFECT_IS_WRONG_TYPE' の前の定義を確認してください
     1>c:\program files (x86)\microsoft directx sdk (june 2010)\include\d2derr.h(201): warning C4005: 'D2DERR_TEXT_RENDERER_NOT_RELEASED' : マクロが再定義されました。
                 c:\program files (x86)\windows kits\8.1\include\shared\winerror.h(50754) : 'D2DERR_TEXT_RENDERER_NOT_RELEASED' の前の定義を確認してください
     1>c:\program files (x86)\microsoft directx sdk (june 2010)\include\d2derr.h(206): warning C4005: 'D2DERR_EXCEEDS_MAX_BITMAP_SIZE' : マクロが再定義されました。
                 c:\program files (x86)\windows kits\8.1\include\shared\winerror.h(50763) : 'D2DERR_EXCEEDS_MAX_BITMAP_SIZE' の前の定義を確認してください
     1>c:\program files (x86)\microsoft directx sdk (june 2010)\include\dxgitype.h(12): warning C4005: 'DXGI_STATUS_OCCLUDED' : マクロが再定義されました。
                 c:\program files (x86)\windows kits\8.1\include\shared\winerror.h(50092) : 'DXGI_STATUS_OCCLUDED' の前の定義を確認してください
     1>c:\program files (x86)\microsoft directx sdk (june 2010)\include\dxgitype.h(13): warning C4005: 'DXGI_STATUS_CLIPPED' : マクロが再定義されました。
                 c:\program files (x86)\windows kits\8.1\include\shared\winerror.h(50101) : 'DXGI_STATUS_CLIPPED' の前の定義を確認してください
     1>c:\program files (x86)\microsoft directx sdk (june 2010)\include\dxgitype.h(14): warning C4005: 'DXGI_STATUS_NO_REDIRECTION' : マクロが再定義されました。
                 c:\program files (x86)\windows kits\8.1\include\shared\winerror.h(50110) : 'DXGI_STATUS_NO_REDIRECTION' の前の定義を確認してください
     1>c:\program files (x86)\microsoft directx sdk (june 2010)\include\dxgitype.h(15): warning C4005: 'DXGI_STATUS_NO_DESKTOP_ACCESS' : マクロが再定義されました。
                 c:\program files (x86)\windows kits\8.1\include\shared\winerror.h(50119) : 'DXGI_STATUS_NO_DESKTOP_ACCESS' の前の定義を確認してください
     1>c:\program files (x86)\microsoft directx sdk (june 2010)\include\dxgitype.h(16): warning C4005: 'DXGI_STATUS_GRAPHICS_VIDPN_SOURCE_IN_USE' : マクロが再定義されました。
                 c:\program files (x86)\windows kits\8.1\include\shared\winerror.h(50128) : 'DXGI_STATUS_GRAPHICS_VIDPN_SOURCE_IN_USE' の前の定義を確認してください
     1>c:\program files (x86)\microsoft directx sdk (june 2010)\include\dxgitype.h(17): warning C4005: 'DXGI_STATUS_MODE_CHANGED' : マクロが再定義されました。
                 c:\program files (x86)\windows kits\8.1\include\shared\winerror.h(50137) : 'DXGI_STATUS_MODE_CHANGED' の前の定義を確認してください
     1>c:\program files (x86)\microsoft directx sdk (june 2010)\include\dxgitype.h(18): warning C4005: 'DXGI_STATUS_MODE_CHANGE_IN_PROGRESS' : マクロが再定義されました。
                 c:\program files (x86)\windows kits\8.1\include\shared\winerror.h(50146) : 'DXGI_STATUS_MODE_CHANGE_IN_PROGRESS' の前の定義を確認してください
     1>c:\program files (x86)\microsoft directx sdk (june 2010)\include\dxgitype.h(21): warning C4005: 'DXGI_ERROR_INVALID_CALL' : マクロが再定義されました。
                 c:\program files (x86)\windows kits\8.1\include\shared\winerror.h(50161) : 'DXGI_ERROR_INVALID_CALL' の前の定義を確認してください
     1>c:\program files (x86)\microsoft directx sdk (june 2010)\include\dxgitype.h(22): warning C4005: 'DXGI_ERROR_NOT_FOUND' : マクロが再定義されました。
                 c:\program files (x86)\windows kits\8.1\include\shared\winerror.h(50170) : 'DXGI_ERROR_NOT_FOUND' の前の定義を確認してください
     1>c:\program files (x86)\microsoft directx sdk (june 2010)\include\dxgitype.h(23): warning C4005: 'DXGI_ERROR_MORE_DATA' : マクロが再定義されました。
                 c:\program files (x86)\windows kits\8.1\include\shared\winerror.h(50179) : 'DXGI_ERROR_MORE_DATA' の前の定義を確認してください
     1>c:\program files (x86)\microsoft directx sdk (june 2010)\include\dxgitype.h(24): warning C4005: 'DXGI_ERROR_UNSUPPORTED' : マクロが再定義されました。
                 c:\program files (x86)\windows kits\8.1\include\shared\winerror.h(50188) : 'DXGI_ERROR_UNSUPPORTED' の前の定義を確認してください
     1>c:\program files (x86)\microsoft directx sdk (june 2010)\include\dxgitype.h(25): warning C4005: 'DXGI_ERROR_DEVICE_REMOVED' : マクロが再定義されました。
                 c:\program files (x86)\windows kits\8.1\include\shared\winerror.h(50197) : 'DXGI_ERROR_DEVICE_REMOVED' の前の定義を確認してください
     1>c:\program files (x86)\microsoft directx sdk (june 2010)\include\dxgitype.h(26): warning C4005: 'DXGI_ERROR_DEVICE_HUNG' : マクロが再定義されました。
                 c:\program files (x86)\windows kits\8.1\include\shared\winerror.h(50206) : 'DXGI_ERROR_DEVICE_HUNG' の前の定義を確認してください
     1>c:\program files (x86)\microsoft directx sdk (june 2010)\include\dxgitype.h(27): warning C4005: 'DXGI_ERROR_DEVICE_RESET' : マクロが再定義されました。
                 c:\program files (x86)\windows kits\8.1\include\shared\winerror.h(50216) : 'DXGI_ERROR_DEVICE_RESET' の前の定義を確認してください
     1>c:\program files (x86)\microsoft directx sdk (june 2010)\include\dxgitype.h(28): warning C4005: 'DXGI_ERROR_WAS_STILL_DRAWING' : マクロが再定義されました。
                 c:\program files (x86)\windows kits\8.1\include\shared\winerror.h(50225) : 'DXGI_ERROR_WAS_STILL_DRAWING' の前の定義を確認してください
     1>c:\program files (x86)\microsoft directx sdk (june 2010)\include\dxgitype.h(29): warning C4005: 'DXGI_ERROR_FRAME_STATISTICS_DISJOINT' : マクロが再定義されました。
                 c:\program files (x86)\windows kits\8.1\include\shared\winerror.h(50235) : 'DXGI_ERROR_FRAME_STATISTICS_DISJOINT' の前の定義を確認してください
     1>c:\program files (x86)\microsoft directx sdk (june 2010)\include\dxgitype.h(30): warning C4005: 'DXGI_ERROR_GRAPHICS_VIDPN_SOURCE_IN_USE' : マクロが再定義されました。
                 c:\program files (x86)\windows kits\8.1\include\shared\winerror.h(50244) : 'DXGI_ERROR_GRAPHICS_VIDPN_SOURCE_IN_USE' の前の定義を確認してください
     1>c:\program files (x86)\microsoft directx sdk (june 2010)\include\dxgitype.h(31): warning C4005: 'DXGI_ERROR_DRIVER_INTERNAL_ERROR' : マクロが再定義されました。
                 c:\program files (x86)\windows kits\8.1\include\shared\winerror.h(50254) : 'DXGI_ERROR_DRIVER_INTERNAL_ERROR' の前の定義を確認してください
     1>c:\program files (x86)\microsoft directx sdk (june 2010)\include\dxgitype.h(32): warning C4005: 'DXGI_ERROR_NONEXCLUSIVE' : マクロが再定義されました。
                 c:\program files (x86)\windows kits\8.1\include\shared\winerror.h(50263) : 'DXGI_ERROR_NONEXCLUSIVE' の前の定義を確認してください
     1>c:\program files (x86)\microsoft directx sdk (june 2010)\include\dxgitype.h(33): warning C4005: 'DXGI_ERROR_NOT_CURRENTLY_AVAILABLE' : マクロが再定義されました。
                 c:\program files (x86)\windows kits\8.1\include\shared\winerror.h(50272) : 'DXGI_ERROR_NOT_CURRENTLY_AVAILABLE' の前の定義を確認してください
     1>c:\program files (x86)\microsoft directx sdk (june 2010)\include\dxgitype.h(34): warning C4005: 'DXGI_ERROR_REMOTE_CLIENT_DISCONNECTED' : マクロが再定義されました。
                 c:\program files (x86)\windows kits\8.1\include\shared\winerror.h(50282) : 'DXGI_ERROR_REMOTE_CLIENT_DISCONNECTED' の前の定義を確認してください
     1>c:\program files (x86)\microsoft directx sdk (june 2010)\include\dxgitype.h(35): warning C4005: 'DXGI_ERROR_REMOTE_OUTOFMEMORY' : マクロが再定義されました。
                 c:\program files (x86)\windows kits\8.1\include\shared\winerror.h(50291) : 'DXGI_ERROR_REMOTE_OUTOFMEMORY' の前の定義を確認してください
     1>c:\program files (x86)\microsoft directx sdk (june 2010)\include\d3d10.h(608): warning C4005: 'D3D10_ERROR_TOO_MANY_UNIQUE_STATE_OBJECTS' : マクロが再定義されました。
                 c:\program files (x86)\windows kits\8.1\include\shared\winerror.h(50445) : 'D3D10_ERROR_TOO_MANY_UNIQUE_STATE_OBJECTS' の前の定義を確認してください
     1>c:\program files (x86)\microsoft directx sdk (june 2010)\include\d3d10.h(609): warning C4005: 'D3D10_ERROR_FILE_NOT_FOUND' : マクロが再定義されました。
                 c:\program files (x86)\windows kits\8.1\include\shared\winerror.h(50454) : 'D3D10_ERROR_FILE_NOT_FOUND' の前の定義を確認してください
         コードを生成中...
         C:\Program Files (x86)\Microsoft Visual Studio 12.0\VC\bin\CL.exe /c /I"C:\Users\e-wada\Documents\Visual Studio 2013\Projects\trunk\DX11exercise\..\pao" /ZI /nologo /W3 /WX- /Od /Oy- /D WIN32 /D _DEBUG /D _WINDOWS /D _UNICODE /D UNICODE /Gm /EHsc /RTC1 /MDd /GS /fp:precise /Zc:wchar_t /Zc:forScope /Fo"Debug\\" /Fd"Debug\vc120.pdb" /Gd /TP /analyze- /errorReport:prompt ..\..\pao\DX11\FrameworkDX11.cpp ..\..\pao\Windows\FrameworkWindows.cpp ..\..\pao\Windows\WindowProc.cpp
         WindowProc.cpp
         FrameworkWindows.cpp
         FrameworkDX11.cpp
         コードを生成中...
       ResourceCompile:
         C:\Program Files (x86)\Windows Kits\8.1\bin\x86\rc.exe /D _UNICODE /D UNICODE /l"0x0409" /nologo /fo"Debug\ex5_direct2d.res" ex5_direct2d.rc 
       Link:
         C:\Program Files (x86)\Microsoft Visual Studio 12.0\VC\bin\link.exe /ERRORREPORT:PROMPT /OUT:"C:\Users\e-wada\Documents\Visual Studio 2013\Projects\trunk\DX11exercise\Debug\ex5_direct2d.exe" /INCREMENTAL /NOLOGO kernel32.lib user32.lib gdi32.lib winspool.lib comdlg32.lib advapi32.lib shell32.lib ole32.lib oleaut32.lib uuid.lib odbc32.lib odbccp32.lib /MANIFEST /MANIFESTUAC:"level='asInvoker' uiAccess='false'" /manifest:embed /DEBUG /PDB:"C:\Users\e-wada\Documents\Visual Studio 2013\Projects\trunk\DX11exercise\Debug\ex5_direct2d.pdb" /SUBSYSTEM:WINDOWS /TLBID:1 /DYNAMICBASE /NXCOMPAT /IMPLIB:"C:\Users\e-wada\Documents\Visual Studio 2013\Projects\trunk\DX11exercise\Debug\ex5_direct2d.lib" /MACHINE:X86 Debug\ex5_direct2d.res
         Debug\DX11base.obj
         Debug\FrameworkDX11.obj
         Debug\FrameworkWindows.obj
         Debug\WindowProc.obj
         Debug\ex5_direct2d.obj
         Debug\stdafx.obj
         ex5_direct2d.vcxproj -> C:\Users\e-wada\Documents\Visual Studio 2013\Projects\trunk\DX11exercise\Debug\ex5_direct2d.exe
     1>プロジェクト "C:\Users\e-wada\Documents\Visual Studio 2013\Projects\trunk\DX11exercise\ex5_direct2d\ex5_direct2d.vcxproj" (Build ターゲット) のビルドが完了しました。

ビルドに成功しました。

経過時間 00:00:02.01
