c:\users\e-wada\documents\visual studio 2013\projects\trunk\dx11exercise\ex0_base\debug\ex0_base.pch
c:\users\e-wada\documents\visual studio 2013\projects\trunk\dx11exercise\ex0_base\debug\vc120.pdb
c:\users\e-wada\documents\visual studio 2013\projects\trunk\dx11exercise\ex0_base\debug\vc120.idb
c:\users\e-wada\documents\visual studio 2013\projects\trunk\dx11exercise\ex0_base\debug\stdafx.obj
c:\users\e-wada\documents\visual studio 2013\projects\trunk\dx11exercise\ex0_base\debug\ex0_base.obj
c:\users\e-wada\documents\visual studio 2013\projects\trunk\dx11exercise\ex0_base\debug\frameworkwindows.obj
c:\users\e-wada\documents\visual studio 2013\projects\trunk\dx11exercise\ex0_base\debug\windowproc.obj
c:\users\e-wada\documents\visual studio 2013\projects\trunk\dx11exercise\debug\ex0_base.ilk
c:\users\e-wada\documents\visual studio 2013\projects\trunk\dx11exercise\debug\ex0_base.exe
c:\users\e-wada\documents\visual studio 2013\projects\trunk\dx11exercise\debug\ex0_base.pdb
c:\users\e-wada\documents\visual studio 2013\projects\trunk\dx11exercise\ex0_base\debug\ex0_base.res
c:\users\e-wada\documents\visual studio 2013\projects\trunk\dx11exercise\ex0_base\debug\ex0_base.tlog\cl.command.1.tlog
c:\users\e-wada\documents\visual studio 2013\projects\trunk\dx11exercise\ex0_base\debug\ex0_base.tlog\cl.read.1.tlog
c:\users\e-wada\documents\visual studio 2013\projects\trunk\dx11exercise\ex0_base\debug\ex0_base.tlog\cl.write.1.tlog
c:\users\e-wada\documents\visual studio 2013\projects\trunk\dx11exercise\ex0_base\debug\ex0_base.tlog\link.command.1.tlog
c:\users\e-wada\documents\visual studio 2013\projects\trunk\dx11exercise\ex0_base\debug\ex0_base.tlog\link.read.1.tlog
c:\users\e-wada\documents\visual studio 2013\projects\trunk\dx11exercise\ex0_base\debug\ex0_base.tlog\link.write.1.tlog
c:\users\e-wada\documents\visual studio 2013\projects\trunk\dx11exercise\ex0_base\debug\ex0_base.tlog\rc.command.1.tlog
c:\users\e-wada\documents\visual studio 2013\projects\trunk\dx11exercise\ex0_base\debug\ex0_base.tlog\rc.read.1.tlog
c:\users\e-wada\documents\visual studio 2013\projects\trunk\dx11exercise\ex0_base\debug\ex0_base.tlog\rc.write.1.tlog
