c:\users\e-wada\documents\visual studio 2013\projects\trunk\dx11exercise\ex1_simple\debug\ex1_simple.pch
c:\users\e-wada\documents\visual studio 2013\projects\trunk\dx11exercise\ex1_simple\debug\vc120.pdb
c:\users\e-wada\documents\visual studio 2013\projects\trunk\dx11exercise\ex1_simple\debug\vc120.idb
c:\users\e-wada\documents\visual studio 2013\projects\trunk\dx11exercise\ex1_simple\debug\stdafx.obj
c:\users\e-wada\documents\visual studio 2013\projects\trunk\dx11exercise\ex1_simple\debug\frameworkwindows.obj
c:\users\e-wada\documents\visual studio 2013\projects\trunk\dx11exercise\ex1_simple\debug\windowproc.obj
c:\users\e-wada\documents\visual studio 2013\projects\trunk\dx11exercise\ex1_simple\debug\ex1_simple.obj
c:\users\e-wada\documents\visual studio 2013\projects\trunk\dx11exercise\debug\ex1_simple.ilk
c:\users\e-wada\documents\visual studio 2013\projects\trunk\dx11exercise\debug\ex1_simple.exe
c:\users\e-wada\documents\visual studio 2013\projects\trunk\dx11exercise\debug\ex1_simple.pdb
c:\users\e-wada\documents\visual studio 2013\projects\trunk\dx11exercise\ex1_simple\debug\ex1_simple.res
c:\users\e-wada\documents\visual studio 2013\projects\trunk\dx11exercise\ex1_simple\debug\ex1_simple.tlog\cl.command.1.tlog
c:\users\e-wada\documents\visual studio 2013\projects\trunk\dx11exercise\ex1_simple\debug\ex1_simple.tlog\cl.read.1.tlog
c:\users\e-wada\documents\visual studio 2013\projects\trunk\dx11exercise\ex1_simple\debug\ex1_simple.tlog\cl.write.1.tlog
c:\users\e-wada\documents\visual studio 2013\projects\trunk\dx11exercise\ex1_simple\debug\ex1_simple.tlog\link.command.1.tlog
c:\users\e-wada\documents\visual studio 2013\projects\trunk\dx11exercise\ex1_simple\debug\ex1_simple.tlog\link.read.1.tlog
c:\users\e-wada\documents\visual studio 2013\projects\trunk\dx11exercise\ex1_simple\debug\ex1_simple.tlog\link.write.1.tlog
c:\users\e-wada\documents\visual studio 2013\projects\trunk\dx11exercise\ex1_simple\debug\ex1_simple.tlog\rc.command.1.tlog
c:\users\e-wada\documents\visual studio 2013\projects\trunk\dx11exercise\ex1_simple\debug\ex1_simple.tlog\rc.read.1.tlog
c:\users\e-wada\documents\visual studio 2013\projects\trunk\dx11exercise\ex1_simple\debug\ex1_simple.tlog\rc.write.1.tlog
