c:\users\e-wada\documents\visual studio 2013\projects\trunk\dx11exercise\ex3_triangle\debug\ex3_triangle.pch
c:\users\e-wada\documents\visual studio 2013\projects\trunk\dx11exercise\ex3_triangle\debug\vc120.pdb
c:\users\e-wada\documents\visual studio 2013\projects\trunk\dx11exercise\ex3_triangle\debug\vc120.idb
c:\users\e-wada\documents\visual studio 2013\projects\trunk\dx11exercise\ex3_triangle\debug\stdafx.obj
c:\users\e-wada\documents\visual studio 2013\projects\trunk\dx11exercise\ex3_triangle\debug\cfilewrite.obj
c:\users\e-wada\documents\visual studio 2013\projects\trunk\dx11exercise\ex3_triangle\debug\crc32.obj
c:\users\e-wada\documents\visual studio 2013\projects\trunk\dx11exercise\ex3_triangle\debug\strbank.obj
c:\users\e-wada\documents\visual studio 2013\projects\trunk\dx11exercise\ex3_triangle\debug\frameworkwindows.obj
c:\users\e-wada\documents\visual studio 2013\projects\trunk\dx11exercise\ex3_triangle\debug\windowproc.obj
c:\users\e-wada\documents\visual studio 2013\projects\trunk\dx11exercise\ex3_triangle\debug\dx11base.obj
c:\users\e-wada\documents\visual studio 2013\projects\trunk\dx11exercise\ex3_triangle\debug\frameworkdx11.obj
c:\users\e-wada\documents\visual studio 2013\projects\trunk\dx11exercise\debug\ps_simple.cso
c:\users\e-wada\documents\visual studio 2013\projects\trunk\dx11exercise\debug\simple.cso
c:\users\e-wada\documents\visual studio 2013\projects\trunk\dx11exercise\debug\vs_simple.cso
c:\users\e-wada\documents\visual studio 2013\projects\trunk\dx11exercise\ex3_triangle\debug\ex3_triangle.tlog\cl.command.1.tlog
c:\users\e-wada\documents\visual studio 2013\projects\trunk\dx11exercise\ex3_triangle\debug\ex3_triangle.tlog\cl.read.1.tlog
c:\users\e-wada\documents\visual studio 2013\projects\trunk\dx11exercise\ex3_triangle\debug\ex3_triangle.tlog\cl.write.1.tlog
c:\users\e-wada\documents\visual studio 2013\projects\trunk\dx11exercise\ex3_triangle\debug\ex3_triangle.tlog\ex3_triangle.write.1u.tlog
c:\users\e-wada\documents\visual studio 2013\projects\trunk\dx11exercise\ex3_triangle\debug\ex3_triangle.tlog\fxc.command.1.tlog
c:\users\e-wada\documents\visual studio 2013\projects\trunk\dx11exercise\ex3_triangle\debug\ex3_triangle.tlog\fxc.read.1.tlog
c:\users\e-wada\documents\visual studio 2013\projects\trunk\dx11exercise\ex3_triangle\debug\ex3_triangle.tlog\fxc.write.1.tlog
