c:\users\e-wada\documents\visual studio 2013\projects\trunk\dx11exercise\ex4_texture\debug\ex4_texture.pch
c:\users\e-wada\documents\visual studio 2013\projects\trunk\dx11exercise\ex4_texture\debug\vc120.pdb
c:\users\e-wada\documents\visual studio 2013\projects\trunk\dx11exercise\ex4_texture\debug\vc120.idb
c:\users\e-wada\documents\visual studio 2013\projects\trunk\dx11exercise\ex4_texture\debug\stdafx.obj
c:\users\e-wada\documents\visual studio 2013\projects\trunk\dx11exercise\ex4_texture\debug\cfilewrite.obj
c:\users\e-wada\documents\visual studio 2013\projects\trunk\dx11exercise\ex4_texture\debug\crc32.obj
c:\users\e-wada\documents\visual studio 2013\projects\trunk\dx11exercise\ex4_texture\debug\strbank.obj
c:\users\e-wada\documents\visual studio 2013\projects\trunk\dx11exercise\ex4_texture\debug\frameworkdx11.obj
c:\users\e-wada\documents\visual studio 2013\projects\trunk\dx11exercise\ex4_texture\debug\frameworkwindows.obj
c:\users\e-wada\documents\visual studio 2013\projects\trunk\dx11exercise\ex4_texture\debug\windowproc.obj
c:\users\e-wada\documents\visual studio 2013\projects\trunk\dx11exercise\ex4_texture\debug\wictextureloader.obj
c:\users\e-wada\documents\visual studio 2013\projects\trunk\dx11exercise\ex4_texture\debug\dx11base.obj
c:\users\e-wada\documents\visual studio 2013\projects\trunk\dx11exercise\ex4_texture\debug\ex4_texture.obj
c:\users\e-wada\documents\visual studio 2013\projects\trunk\dx11exercise\debug\ps_texture.cso
c:\users\e-wada\documents\visual studio 2013\projects\trunk\dx11exercise\debug\vs_texture.cso
c:\users\e-wada\documents\visual studio 2013\projects\trunk\dx11exercise\debug\ex4_texture.ilk
c:\users\e-wada\documents\visual studio 2013\projects\trunk\dx11exercise\debug\ex4_texture.exe
c:\users\e-wada\documents\visual studio 2013\projects\trunk\dx11exercise\debug\ex4_texture.pdb
c:\users\e-wada\documents\visual studio 2013\projects\trunk\dx11exercise\ex4_texture\debug\ex4_texture.res
c:\users\e-wada\documents\visual studio 2013\projects\trunk\dx11exercise\ex4_texture\debug\ex4_texture.tlog\cl.command.1.tlog
c:\users\e-wada\documents\visual studio 2013\projects\trunk\dx11exercise\ex4_texture\debug\ex4_texture.tlog\cl.read.1.tlog
c:\users\e-wada\documents\visual studio 2013\projects\trunk\dx11exercise\ex4_texture\debug\ex4_texture.tlog\cl.write.1.tlog
c:\users\e-wada\documents\visual studio 2013\projects\trunk\dx11exercise\ex4_texture\debug\ex4_texture.tlog\ex4_texture.write.1u.tlog
c:\users\e-wada\documents\visual studio 2013\projects\trunk\dx11exercise\ex4_texture\debug\ex4_texture.tlog\fxc.command.1.tlog
c:\users\e-wada\documents\visual studio 2013\projects\trunk\dx11exercise\ex4_texture\debug\ex4_texture.tlog\fxc.read.1.tlog
c:\users\e-wada\documents\visual studio 2013\projects\trunk\dx11exercise\ex4_texture\debug\ex4_texture.tlog\fxc.write.1.tlog
c:\users\e-wada\documents\visual studio 2013\projects\trunk\dx11exercise\ex4_texture\debug\ex4_texture.tlog\link.command.1.tlog
c:\users\e-wada\documents\visual studio 2013\projects\trunk\dx11exercise\ex4_texture\debug\ex4_texture.tlog\link.read.1.tlog
c:\users\e-wada\documents\visual studio 2013\projects\trunk\dx11exercise\ex4_texture\debug\ex4_texture.tlog\link.write.1.tlog
c:\users\e-wada\documents\visual studio 2013\projects\trunk\dx11exercise\ex4_texture\debug\ex4_texture.tlog\rc.command.1.tlog
c:\users\e-wada\documents\visual studio 2013\projects\trunk\dx11exercise\ex4_texture\debug\ex4_texture.tlog\rc.read.1.tlog
c:\users\e-wada\documents\visual studio 2013\projects\trunk\dx11exercise\ex4_texture\debug\ex4_texture.tlog\rc.write.1.tlog
